{
  "stats": {
    "suites": 1,
    "tests": 1,
    "passes": 1,
    "pending": 0,
    "failures": 0,
    "start": "2023-02-13T13:36:37.488Z",
    "end": "2023-02-13T13:37:34.228Z",
    "duration": 51147,
    "testsRegistered": 1,
    "passPercent": 100,
    "pendingPercent": 0,
    "other": 0,
    "hasOther": false,
    "skipped": 0,
    "hasSkipped": false
  },
  "results": [
    {
      "uuid": "49e1a929-34a8-4581-8a31-e3bd2ec1c97b",
      "title": "",
      "fullFile": "cypress\\e2e\\Automation-Test-Store.ts",
      "file": "cypress\\e2e\\Automation-Test-Store.ts",
      "beforeHooks": [],
      "afterHooks": [],
      "tests": [],
      "suites": [
        {
          "uuid": "c0d7f7ed-59e4-4d90-8be4-0d2de314f04f",
          "title": "Buy a product",
          "fullFile": "",
          "file": "",
          "beforeHooks": [],
          "afterHooks": [],
          "tests": [
            {
              "title": "Buy a specific product",
              "fullTitle": "Buy a product Buy a specific product",
              "timedOut": null,
              "duration": 51147,
              "state": "passed",
              "speed": "slow",
              "pass": true,
              "fail": false,
              "pending": false,
              "context": null,
              "code": "cy.visit(\"https://automationteststore.com/\");\ncy.get(selectors_1.default.productsInHomePage).contains(\"Skinsheen Bronzer Stick\").click().then(function (product) {\n    var name = product.text();\n    cy.get(selectors_1.default.addToCart).click();\n    cy.get(selectors_1.default.inShoppingCart).contains(name);\n    cy.get(selectors_1.default.checkout).click();\n    cy.get(selectors_1.default.continueBtn).click();\n    cy.get(selectors_1.default.firstName).type(firstName);\n    cy.get(selectors_1.default.lastName).type(lastName);\n    cy.get(selectors_1.default.email).type(email);\n    cy.get(selectors_1.default.phone).type(phone);\n    cy.get(selectors_1.default.fax).type(fax);\n    cy.get(selectors_1.default.company).type(company);\n    cy.get(selectors_1.default.address_1).type(address_1);\n    cy.get(selectors_1.default.city).type(city);\n    cy.get(selectors_1.default.regionList).select(region);\n    cy.get(selectors_1.default.postcode).type(zip);\n    cy.get(selectors_1.default.countryList).select(country);\n    cy.get(selectors_1.default.loginName).type(loginName);\n    cy.get(selectors_1.default.password).type(password);\n    cy.get(selectors_1.default.passwordConfirm).type(password);\n    cy.get(selectors_1.default.noNewsletter).click();\n    cy.get(selectors_1.default.agreePrivacyPolicy).click();\n    cy.get(selectors_1.default.continueBtnCreateAccoun).click();\n    cy.get(selectors_1.default.checkoutBtn).click();\n    cy.get(selectors_1.default.continueProcessBtn).click();\n});",
              "err": {},
              "uuid": "c530a92e-5046-4e75-9d5b-30422968886a",
              "parentUUID": "c0d7f7ed-59e4-4d90-8be4-0d2de314f04f",
              "isHook": false,
              "skipped": false
            }
          ],
          "suites": [],
          "passes": [
            "c530a92e-5046-4e75-9d5b-30422968886a"
          ],
          "failures": [],
          "pending": [],
          "skipped": [],
          "duration": 51147,
          "root": false,
          "rootEmpty": false,
          "_timeout": 2000
        }
      ],
      "passes": [],
      "failures": [],
      "pending": [],
      "skipped": [],
      "duration": 0,
      "root": true,
      "rootEmpty": true,
      "_timeout": 2000
    }
  ],
  "meta": {
    "mocha": {
      "version": "7.0.1"
    },
    "mochawesome": {
      "options": {
        "quiet": false,
        "reportFilename": "mochawesome",
        "saveHtml": false,
        "saveJson": true,
        "consoleReporter": "spec",
        "useInlineDiffs": false,
        "code": true
      },
      "version": "7.1.3"
    },
    "marge": {
      "options": {
        "id": "default",
        "reportDir": "cypress/results/mochawesome",
        "quite": true,
        "overwrite": false,
        "html": false,
        "json": true
      },
      "version": "6.2.0"
    }
  }
}